<?xml version="1.0" encoding="UTF-8"?>
<testsuite name="adrian.LoggerDemoTest1" tests="1" skipped="0" failures="0" errors="0" timestamp="2017-04-13T12:27:43" hostname="ac-asus-X555L" time="0.0">
  <properties/>
  <testcase name="test" classname="adrian.LoggerDemoTest1" time="0.0"/>
  <system-out><![CDATA[]]></system-out>
  <system-err><![CDATA[]]></system-err>
</testsuite>
